# JRE version: OpenJDK Runtime Environment (11.0.10) (build 11.0.10+0-b96-7249189)
# Java VM: OpenJDK 64-Bit Server VM (11.0.10+0-b96-7249189, mixed mode, tiered, compressed oops, g1 gc, windows-amd64)
Heap:
 garbage-first heap   total 262144K, used 98118K [0x00000000a0000000, 0x0000000100000000)
  region size 1024K, 21 young (21504K), 9 survivors (9216K)
 Metaspace       used 78457K, capacity 80861K, committed 81152K, reserved 1120256K
  class space    used 10302K, capacity 11172K, committed 11264K, reserved 1048576K
GC Heap History (20 events):
Event: 2.557 GC heap before
{Heap before GC invocations=1 (full 0):
 garbage-first heap   total 262144K, used 92614K [0x00000000a0000000, 0x0000000100000000)
  region size 1024K, 87 young (89088K), 3 survivors (3072K)
 Metaspace       used 20585K, capacity 21063K, committed 21248K, reserved 1067008K
  class space    used 2535K, capacity 2693K, committed 2816K, reserved 1048576K
}
Event: 2.564 GC heap after
{Heap after GC invocations=2 (full 0):
 garbage-first heap   total 262144K, used 15666K [0x00000000a0000000, 0x0000000100000000)
  region size 1024K, 10 young (10240K), 10 survivors (10240K)
 Metaspace       used 20585K, capacity 21063K, committed 21248K, reserved 1067008K
  class space    used 2535K, capacity 2693K, committed 2816K, reserved 1048576K
}
Event: 2.811 GC heap before
{Heap before GC invocations=3 (full 0):
 garbage-first heap   total 262144K, used 40242K [0x00000000a0000000, 0x0000000100000000)
  region size 1024K, 34 young (34816K), 10 survivors (10240K)
 Metaspace       used 23344K, capacity 23898K, committed 23936K, reserved 1071104K
  class space    used 2964K, capacity 3171K, committed 3200K, reserved 1048576K
}
Event: 2.817 GC heap after
{Heap after GC invocations=4 (full 0):
 garbage-first heap   total 262144K, used 17195K [0x00000000a0000000, 0x0000000100000000)
  region size 1024K, 2 young (2048K), 2 survivors (2048K)
 Metaspace       used 23344K, capacity 23898K, committed 23936K, reserved 1071104K
  class space    used 2964K, capacity 3171K, committed 3200K, reserved 1048576K
}
Event: 3.655 GC heap before
{Heap before GC invocations=4 (full 0):
 garbage-first heap   total 262144K, used 92971K [0x00000000a0000000, 0x0000000100000000)
  region size 1024K, 76 young (77824K), 2 survivors (2048K)
 Metaspace       used 34845K, capacity 35535K, committed 35840K, reserved 1081344K
  class space    used 4513K, capacity 4775K, committed 4864K, reserved 1048576K
}
Event: 3.658 GC heap after
{Heap after GC invocations=5 (full 0):
 garbage-first heap   total 262144K, used 21266K [0x00000000a0000000, 0x0000000100000000)
  region size 1024K, 6 young (6144K), 6 survivors (6144K)
 Metaspace       used 34845K, capacity 35535K, committed 35840K, reserved 1081344K
  class space    used 4513K, capacity 4775K, committed 4864K, reserved 1048576K
}
Event: 3.667 GC heap before
{Heap before GC invocations=5 (full 0):
 garbage-first heap   total 262144K, used 24338K [0x00000000a0000000, 0x0000000100000000)
  region size 1024K, 8 young (8192K), 6 survivors (6144K)
 Metaspace       used 35073K, capacity 35727K, committed 35840K, reserved 1081344K
  class space    used 4515K, capacity 4775K, committed 4864K, reserved 1048576K
}
Event: 3.673 GC heap after
{Heap after GC invocations=6 (full 0):
 garbage-first heap   total 262144K, used 23543K [0x00000000a0000000, 0x0000000100000000)
  region size 1024K, 6 young (6144K), 6 survivors (6144K)
 Metaspace       used 35073K, capacity 35727K, committed 35840K, reserved 1081344K
  class space    used 4515K, capacity 4775K, committed 4864K, reserved 1048576K
}
Event: 4.682 GC heap before
{Heap before GC invocations=7 (full 0):
 garbage-first heap   total 262144K, used 134135K [0x00000000a0000000, 0x0000000100000000)
  region size 1024K, 114 young (116736K), 6 survivors (6144K)
 Metaspace       used 44067K, capacity 45098K, committed 45312K, reserved 1089536K
  class space    used 5657K, capacity 6041K, committed 6144K, reserved 1048576K
}
Event: 4.697 GC heap after
{Heap after GC invocations=8 (full 0):
 garbage-first heap   total 262144K, used 27352K [0x00000000a0000000, 0x0000000100000000)
  region size 1024K, 12 young (12288K), 12 survivors (12288K)
 Metaspace       used 44067K, capacity 45098K, committed 45312K, reserved 1089536K
  class space    used 5657K, capacity 6041K, committed 6144K, reserved 1048576K
}
Event: 5.824 GC heap before
{Heap before GC invocations=9 (full 0):
 garbage-first heap   total 262144K, used 158424K [0x00000000a0000000, 0x0000000100000000)
  region size 1024K, 135 young (138240K), 12 survivors (12288K)
 Metaspace       used 55399K, capacity 56675K, committed 56960K, reserved 1099776K
  class space    used 7044K, capacity 7499K, committed 7552K, reserved 1048576K
}
Event: 5.835 GC heap after
{Heap after GC invocations=10 (full 0):
 garbage-first heap   total 262144K, used 44514K [0x00000000a0000000, 0x0000000100000000)
  region size 1024K, 17 young (17408K), 17 survivors (17408K)
 Metaspace       used 55399K, capacity 56675K, committed 56960K, reserved 1099776K
  class space    used 7044K, capacity 7499K, committed 7552K, reserved 1048576K
}
Event: 6.814 GC heap before
{Heap before GC invocations=10 (full 0):
 garbage-first heap   total 262144K, used 181730K [0x00000000a0000000, 0x0000000100000000)
  region size 1024K, 150 young (153600K), 17 survivors (17408K)
 Metaspace       used 63795K, capacity 65405K, committed 65664K, reserved 1105920K
  class space    used 8145K, capacity 8719K, committed 8832K, reserved 1048576K
}
Event: 6.828 GC heap after
{Heap after GC invocations=11 (full 0):
 garbage-first heap   total 262144K, used 54250K [0x00000000a0000000, 0x0000000100000000)
  region size 1024K, 10 young (10240K), 10 survivors (10240K)
 Metaspace       used 63795K, capacity 65405K, committed 65664K, reserved 1105920K
  class space    used 8145K, capacity 8719K, committed 8832K, reserved 1048576K
}
Event: 7.836 GC heap before
{Heap before GC invocations=11 (full 0):
 garbage-first heap   total 262144K, used 188394K [0x00000000a0000000, 0x0000000100000000)
  region size 1024K, 141 young (144384K), 10 survivors (10240K)
 Metaspace       used 70485K, capacity 72570K, committed 72704K, reserved 1112064K
  class space    used 9161K, capacity 9946K, committed 9984K, reserved 1048576K
}
Event: 7.846 GC heap after
{Heap after GC invocations=12 (full 0):
 garbage-first heap   total 262144K, used 64700K [0x00000000a0000000, 0x0000000100000000)
  region size 1024K, 18 young (18432K), 18 survivors (18432K)
 Metaspace       used 70485K, capacity 72570K, committed 72704K, reserved 1112064K
  class space    used 9161K, capacity 9946K, committed 9984K, reserved 1048576K
}
Event: 8.411 GC heap before
{Heap before GC invocations=12 (full 0):
 garbage-first heap   total 262144K, used 129212K [0x00000000a0000000, 0x0000000100000000)
  region size 1024K, 78 young (79872K), 18 survivors (18432K)
 Metaspace       used 73130K, capacity 75409K, committed 75520K, reserved 1114112K
  class space    used 9486K, capacity 10284K, committed 10368K, reserved 1048576K
}
Event: 8.448 GC heap after
{Heap after GC invocations=13 (full 0):
 garbage-first heap   total 262144K, used 78264K [0x00000000a0000000, 0x0000000100000000)
  region size 1024K, 9 young (9216K), 9 survivors (9216K)
 Metaspace       used 73130K, capacity 75409K, committed 75520K, reserved 1114112K
  class space    used 9486K, capacity 10284K, committed 10368K, reserved 1048576K
}
Event: 9.404 GC heap before
{Heap before GC invocations=14 (full 0):
 garbage-first heap   total 262144K, used 170424K [0x00000000a0000000, 0x0000000100000000)
  region size 1024K, 100 young (102400K), 9 survivors (9216K)
 Metaspace       used 77822K, capacity 80260K, committed 80512K, reserved 1118208K
  class space    used 10187K, capacity 11054K, committed 11136K, reserved 1048576K
}
Event: 9.420 GC heap after
{Heap after GC invocations=15 (full 0):
 garbage-first heap   total 262144K, used 86854K [0x00000000a0000000, 0x0000000100000000)
  region size 1024K, 9 young (9216K), 9 survivors (9216K)
 Metaspace       used 77822K, capacity 80260K, committed 80512K, reserved 1118208K
  class space    used 10187K, capacity 11054K, committed 11136K, reserved 1048576K
}

